mode: count
agora/core/format/format.go:11.26,13.2 1 6
agora/core/format/format.go:15.78,16.23 1 6
agora/core/format/format.go:20.2,25.8 2 3
agora/core/format/format.go:16.23,18.3 1 3
agora/core/format/format.go:28.76,29.23 1 6
agora/core/format/format.go:32.2,35.8 1 3
agora/core/format/format.go:29.23,31.3 1 3
agora/core/format/format.go:38.76,39.23 1 6
agora/core/format/format.go:42.2,45.8 1 3
agora/core/format/format.go:39.23,41.3 1 3
agora/core/format/format.go:48.39,50.57 2 3
agora/core/format/format.go:53.2,53.25 1 3
agora/core/format/format.go:50.57,52.3 1 6
agora/api/proto/libgo/string_format.pb.go:31.31,33.29 2 0
agora/api/proto/libgo/string_format.pb.go:33.29,37.3 3 0
agora/api/proto/libgo/string_format.pb.go:40.39,42.2 1 0
agora/api/proto/libgo/string_format.pb.go:44.37,44.38 0 0
agora/api/proto/libgo/string_format.pb.go:46.59,48.41 2 0
agora/api/proto/libgo/string_format.pb.go:55.2,55.24 1 0
agora/api/proto/libgo/string_format.pb.go:48.41,50.34 2 0
agora/api/proto/libgo/string_format.pb.go:53.3,53.12 1 0
agora/api/proto/libgo/string_format.pb.go:50.34,52.4 1 0
agora/api/proto/libgo/string_format.pb.go:59.50,61.2 1 0
agora/api/proto/libgo/string_format.pb.go:63.41,64.14 1 0
agora/api/proto/libgo/string_format.pb.go:67.2,67.11 1 0
agora/api/proto/libgo/string_format.pb.go:64.14,66.3 1 0
agora/api/proto/libgo/string_format.pb.go:79.32,81.29 2 0
agora/api/proto/libgo/string_format.pb.go:81.29,85.3 3 0
agora/api/proto/libgo/string_format.pb.go:88.40,90.2 1 0
agora/api/proto/libgo/string_format.pb.go:92.38,92.39 0 0
agora/api/proto/libgo/string_format.pb.go:94.60,96.41 2 0
agora/api/proto/libgo/string_format.pb.go:103.2,103.24 1 0
agora/api/proto/libgo/string_format.pb.go:96.41,98.34 2 0
agora/api/proto/libgo/string_format.pb.go:101.3,101.12 1 0
agora/api/proto/libgo/string_format.pb.go:98.34,100.4 1 0
agora/api/proto/libgo/string_format.pb.go:107.51,109.2 1 0
agora/api/proto/libgo/string_format.pb.go:111.42,112.14 1 0
agora/api/proto/libgo/string_format.pb.go:115.2,115.11 1 0
agora/api/proto/libgo/string_format.pb.go:112.14,114.3 1 0
agora/api/proto/libgo/string_format.pb.go:118.46,119.14 1 0
agora/api/proto/libgo/string_format.pb.go:122.2,122.11 1 0
agora/api/proto/libgo/string_format.pb.go:119.14,121.3 1 0
agora/api/proto/libgo/string_format.pb.go:161.52,162.49 1 0
agora/api/proto/libgo/string_format.pb.go:165.2,165.45 1 0
agora/api/proto/libgo/string_format.pb.go:162.49,164.3 1 0
agora/api/proto/libgo/string_format.pb.go:187.13,187.48 1 1
agora/api/proto/libgo/string_format.pb.go:188.38,189.37 1 1
agora/api/proto/libgo/string_format.pb.go:192.2,192.30 1 1
agora/api/proto/libgo/string_format.pb.go:218.2,235.40 6 1
agora/api/proto/libgo/string_format.pb.go:189.37,191.3 1 0
agora/api/proto/libgo/string_format.pb.go:192.30,193.90 1 0
agora/api/proto/libgo/string_format.pb.go:205.3,205.90 1 0
agora/api/proto/libgo/string_format.pb.go:193.90,194.36 1 0
agora/api/proto/libgo/string_format.pb.go:195.11,196.20 1 0
agora/api/proto/libgo/string_format.pb.go:197.11,198.24 1 0
agora/api/proto/libgo/string_format.pb.go:199.11,200.28 1 0
agora/api/proto/libgo/string_format.pb.go:201.12,202.15 1 0
agora/api/proto/libgo/string_format.pb.go:205.90,206.37 1 0
agora/api/proto/libgo/string_format.pb.go:207.11,208.20 1 0
agora/api/proto/libgo/string_format.pb.go:209.11,210.24 1 0
agora/api/proto/libgo/string_format.pb.go:211.11,212.28 1 0
agora/api/proto/libgo/string_format.pb.go:213.12,214.15 1 0
agora/api/proto/libgo/string_format_grpc.pb.go:34.90,36.2 1 0
agora/api/proto/libgo/string_format_grpc.pb.go:38.131,41.16 3 0
agora/api/proto/libgo/string_format_grpc.pb.go:44.2,44.17 1 0
agora/api/proto/libgo/string_format_grpc.pb.go:41.16,43.3 1 0
agora/api/proto/libgo/string_format_grpc.pb.go:47.129,50.16 3 0
agora/api/proto/libgo/string_format_grpc.pb.go:53.2,53.17 1 0
agora/api/proto/libgo/string_format_grpc.pb.go:50.16,52.3 1 0
agora/api/proto/libgo/string_format_grpc.pb.go:56.129,59.16 3 0
agora/api/proto/libgo/string_format_grpc.pb.go:62.2,62.17 1 0
agora/api/proto/libgo/string_format_grpc.pb.go:59.16,61.3 1 0
agora/api/proto/libgo/string_format_grpc.pb.go:79.109,81.2 1 0
agora/api/proto/libgo/string_format_grpc.pb.go:82.107,84.2 1 0
agora/api/proto/libgo/string_format_grpc.pb.go:85.107,87.2 1 0
agora/api/proto/libgo/string_format_grpc.pb.go:88.98,88.99 0 0
agora/api/proto/libgo/string_format_grpc.pb.go:97.96,99.2 1 0
agora/api/proto/libgo/string_format_grpc.pb.go:101.172,103.32 2 0
agora/api/proto/libgo/string_format_grpc.pb.go:106.2,106.24 1 0
agora/api/proto/libgo/string_format_grpc.pb.go:109.2,113.77 2 0
agora/api/proto/libgo/string_format_grpc.pb.go:116.2,116.44 1 0
agora/api/proto/libgo/string_format_grpc.pb.go:103.32,105.3 1 0
agora/api/proto/libgo/string_format_grpc.pb.go:106.24,108.3 1 0
agora/api/proto/libgo/string_format_grpc.pb.go:113.77,115.3 1 0
agora/api/proto/libgo/string_format_grpc.pb.go:119.170,121.32 2 0
agora/api/proto/libgo/string_format_grpc.pb.go:124.2,124.24 1 0
agora/api/proto/libgo/string_format_grpc.pb.go:127.2,131.77 2 0
agora/api/proto/libgo/string_format_grpc.pb.go:134.2,134.44 1 0
agora/api/proto/libgo/string_format_grpc.pb.go:121.32,123.3 1 0
agora/api/proto/libgo/string_format_grpc.pb.go:124.24,126.3 1 0
agora/api/proto/libgo/string_format_grpc.pb.go:131.77,133.3 1 0
agora/api/proto/libgo/string_format_grpc.pb.go:137.170,139.32 2 0
agora/api/proto/libgo/string_format_grpc.pb.go:142.2,142.24 1 0
agora/api/proto/libgo/string_format_grpc.pb.go:145.2,149.77 2 0
agora/api/proto/libgo/string_format_grpc.pb.go:152.2,152.44 1 0
agora/api/proto/libgo/string_format_grpc.pb.go:139.32,141.3 1 0
agora/api/proto/libgo/string_format_grpc.pb.go:142.24,144.3 1 0
agora/api/proto/libgo/string_format_grpc.pb.go:149.77,151.3 1 0
agora/api/services/services.go:18.101,22.16 2 0
agora/api/services/services.go:25.2,28.8 1 0
agora/api/services/services.go:22.16,24.3 1 0
agora/api/services/services.go:31.99,35.16 2 0
agora/api/services/services.go:38.2,41.8 1 0
agora/api/services/services.go:35.16,37.3 1 0
agora/api/services/services.go:44.99,48.16 2 0
agora/api/services/services.go:51.2,54.8 1 0
agora/api/services/services.go:48.16,50.3 1 0
agora/cmd/server.go:16.26,18.2 1 0
agora/cmd/server.go:20.30,24.16 2 0
agora/cmd/server.go:29.2,39.46 5 0
agora/cmd/server.go:43.2,43.12 1 0
agora/cmd/server.go:24.16,26.3 1 0
agora/cmd/server.go:39.46,41.3 1 0
agora/main.go:8.13,9.46 1 0
agora/main.go:9.46,11.3 1 0
agora/core/format/format.go:11.26,13.2 1 3
agora/core/format/format.go:15.78,16.23 1 1
agora/core/format/format.go:20.2,25.8 2 1
agora/core/format/format.go:16.23,18.3 1 0
agora/core/format/format.go:28.76,29.23 1 1
agora/core/format/format.go:32.2,35.8 1 1
agora/core/format/format.go:29.23,31.3 1 0
agora/core/format/format.go:38.76,39.23 1 1
agora/core/format/format.go:42.2,45.8 1 1
agora/core/format/format.go:39.23,41.3 1 0
agora/core/format/format.go:48.39,50.57 2 1
agora/core/format/format.go:53.2,53.25 1 1
agora/core/format/format.go:50.57,52.3 1 2
agora/cmd/server.go:16.26,18.2 1 0
agora/cmd/server.go:20.30,24.16 2 0
agora/cmd/server.go:29.2,39.46 5 0
agora/cmd/server.go:43.2,43.12 1 0
agora/cmd/server.go:24.16,26.3 1 0
agora/cmd/server.go:39.46,41.3 1 0
agora/main.go:8.13,9.46 1 0
agora/main.go:9.46,11.3 1 0
agora/api/services/services.go:18.101,22.16 2 1
agora/api/services/services.go:25.2,28.8 1 1
agora/api/services/services.go:22.16,24.3 1 0
agora/api/services/services.go:31.99,35.16 2 1
agora/api/services/services.go:38.2,41.8 1 1
agora/api/services/services.go:35.16,37.3 1 0
agora/api/services/services.go:44.99,48.16 2 1
agora/api/services/services.go:51.2,54.8 1 1
agora/api/services/services.go:48.16,50.3 1 0
agora/api/proto/libgo/string_format.pb.go:31.31,33.29 2 0
agora/api/proto/libgo/string_format.pb.go:33.29,37.3 3 0
agora/api/proto/libgo/string_format.pb.go:40.39,42.2 1 0
agora/api/proto/libgo/string_format.pb.go:44.37,44.38 0 0
agora/api/proto/libgo/string_format.pb.go:46.59,48.41 2 0
agora/api/proto/libgo/string_format.pb.go:55.2,55.24 1 0
agora/api/proto/libgo/string_format.pb.go:48.41,50.34 2 0
agora/api/proto/libgo/string_format.pb.go:53.3,53.12 1 0
agora/api/proto/libgo/string_format.pb.go:50.34,52.4 1 0
agora/api/proto/libgo/string_format.pb.go:59.50,61.2 1 0
agora/api/proto/libgo/string_format.pb.go:63.41,64.14 1 0
agora/api/proto/libgo/string_format.pb.go:67.2,67.11 1 0
agora/api/proto/libgo/string_format.pb.go:64.14,66.3 1 0
agora/api/proto/libgo/string_format.pb.go:79.32,81.29 2 0
agora/api/proto/libgo/string_format.pb.go:81.29,85.3 3 0
agora/api/proto/libgo/string_format.pb.go:88.40,90.2 1 0
agora/api/proto/libgo/string_format.pb.go:92.38,92.39 0 0
agora/api/proto/libgo/string_format.pb.go:94.60,96.41 2 0
agora/api/proto/libgo/string_format.pb.go:103.2,103.24 1 0
agora/api/proto/libgo/string_format.pb.go:96.41,98.34 2 0
agora/api/proto/libgo/string_format.pb.go:101.3,101.12 1 0
agora/api/proto/libgo/string_format.pb.go:98.34,100.4 1 0
agora/api/proto/libgo/string_format.pb.go:107.51,109.2 1 0
agora/api/proto/libgo/string_format.pb.go:111.42,112.14 1 0
agora/api/proto/libgo/string_format.pb.go:115.2,115.11 1 0
agora/api/proto/libgo/string_format.pb.go:112.14,114.3 1 0
agora/api/proto/libgo/string_format.pb.go:118.46,119.14 1 0
agora/api/proto/libgo/string_format.pb.go:122.2,122.11 1 0
agora/api/proto/libgo/string_format.pb.go:119.14,121.3 1 0
agora/api/proto/libgo/string_format.pb.go:161.52,162.49 1 0
agora/api/proto/libgo/string_format.pb.go:165.2,165.45 1 0
agora/api/proto/libgo/string_format.pb.go:162.49,164.3 1 0
agora/api/proto/libgo/string_format.pb.go:187.13,187.48 1 1
agora/api/proto/libgo/string_format.pb.go:188.38,189.37 1 1
agora/api/proto/libgo/string_format.pb.go:192.2,192.30 1 1
agora/api/proto/libgo/string_format.pb.go:218.2,235.40 6 1
agora/api/proto/libgo/string_format.pb.go:189.37,191.3 1 0
agora/api/proto/libgo/string_format.pb.go:192.30,193.90 1 0
agora/api/proto/libgo/string_format.pb.go:205.3,205.90 1 0
agora/api/proto/libgo/string_format.pb.go:193.90,194.36 1 0
agora/api/proto/libgo/string_format.pb.go:195.11,196.20 1 0
agora/api/proto/libgo/string_format.pb.go:197.11,198.24 1 0
agora/api/proto/libgo/string_format.pb.go:199.11,200.28 1 0
agora/api/proto/libgo/string_format.pb.go:201.12,202.15 1 0
agora/api/proto/libgo/string_format.pb.go:205.90,206.37 1 0
agora/api/proto/libgo/string_format.pb.go:207.11,208.20 1 0
agora/api/proto/libgo/string_format.pb.go:209.11,210.24 1 0
agora/api/proto/libgo/string_format.pb.go:211.11,212.28 1 0
agora/api/proto/libgo/string_format.pb.go:213.12,214.15 1 0
agora/api/proto/libgo/string_format_grpc.pb.go:34.90,36.2 1 0
agora/api/proto/libgo/string_format_grpc.pb.go:38.131,41.16 3 0
agora/api/proto/libgo/string_format_grpc.pb.go:44.2,44.17 1 0
agora/api/proto/libgo/string_format_grpc.pb.go:41.16,43.3 1 0
agora/api/proto/libgo/string_format_grpc.pb.go:47.129,50.16 3 0
agora/api/proto/libgo/string_format_grpc.pb.go:53.2,53.17 1 0
agora/api/proto/libgo/string_format_grpc.pb.go:50.16,52.3 1 0
agora/api/proto/libgo/string_format_grpc.pb.go:56.129,59.16 3 0
agora/api/proto/libgo/string_format_grpc.pb.go:62.2,62.17 1 0
agora/api/proto/libgo/string_format_grpc.pb.go:59.16,61.3 1 0
agora/api/proto/libgo/string_format_grpc.pb.go:79.109,81.2 1 0
agora/api/proto/libgo/string_format_grpc.pb.go:82.107,84.2 1 0
agora/api/proto/libgo/string_format_grpc.pb.go:85.107,87.2 1 0
agora/api/proto/libgo/string_format_grpc.pb.go:88.98,88.99 0 0
agora/api/proto/libgo/string_format_grpc.pb.go:97.96,99.2 1 0
agora/api/proto/libgo/string_format_grpc.pb.go:101.172,103.32 2 0
agora/api/proto/libgo/string_format_grpc.pb.go:106.2,106.24 1 0
agora/api/proto/libgo/string_format_grpc.pb.go:109.2,113.77 2 0
agora/api/proto/libgo/string_format_grpc.pb.go:116.2,116.44 1 0
agora/api/proto/libgo/string_format_grpc.pb.go:103.32,105.3 1 0
agora/api/proto/libgo/string_format_grpc.pb.go:106.24,108.3 1 0
agora/api/proto/libgo/string_format_grpc.pb.go:113.77,115.3 1 0
agora/api/proto/libgo/string_format_grpc.pb.go:119.170,121.32 2 0
agora/api/proto/libgo/string_format_grpc.pb.go:124.2,124.24 1 0
agora/api/proto/libgo/string_format_grpc.pb.go:127.2,131.77 2 0
agora/api/proto/libgo/string_format_grpc.pb.go:134.2,134.44 1 0
agora/api/proto/libgo/string_format_grpc.pb.go:121.32,123.3 1 0
agora/api/proto/libgo/string_format_grpc.pb.go:124.24,126.3 1 0
agora/api/proto/libgo/string_format_grpc.pb.go:131.77,133.3 1 0
agora/api/proto/libgo/string_format_grpc.pb.go:137.170,139.32 2 0
agora/api/proto/libgo/string_format_grpc.pb.go:142.2,142.24 1 0
agora/api/proto/libgo/string_format_grpc.pb.go:145.2,149.77 2 0
agora/api/proto/libgo/string_format_grpc.pb.go:152.2,152.44 1 0
agora/api/proto/libgo/string_format_grpc.pb.go:139.32,141.3 1 0
agora/api/proto/libgo/string_format_grpc.pb.go:142.24,144.3 1 0
agora/api/proto/libgo/string_format_grpc.pb.go:149.77,151.3 1 0
